<?xml version="1.0" encoding="UTF-8"?>
<coverage generated="1754373151248" clover="3.2.0">
  <project timestamp="1754373151248" name="All files">
    <metrics statements="109" coveredstatements="47" conditionals="73" coveredconditionals="42" methods="50" coveredmethods="20" elements="232" coveredelements="109" complexity="0" loc="109" ncloc="109" packages="2" files="3" classes="3"/>
    <package name="src">
      <metrics statements="51" coveredstatements="0" conditionals="12" coveredconditionals="0" methods="19" coveredmethods="0"/>
      <file name="App.js" path="/home/runner/work/Backend/Backend/frontend/src/App.js">
        <metrics statements="49" coveredstatements="0" conditionals="12" coveredconditionals="0" methods="19" coveredmethods="0"/>
        <line num="7" count="0" type="stmt"/>
        <line num="12" count="0" type="stmt"/>
        <line num="17" count="0" type="stmt"/>
        <line num="47" count="0" type="stmt"/>
        <line num="48" count="0" type="stmt"/>
        <line num="49" count="0" type="stmt"/>
        <line num="50" count="0" type="stmt"/>
        <line num="52" count="0" type="stmt"/>
        <line num="53" count="0" type="stmt"/>
        <line num="56" count="0" type="stmt"/>
        <line num="57" count="0" type="stmt"/>
        <line num="60" count="0" type="stmt"/>
        <line num="61" count="0" type="stmt"/>
        <line num="62" count="0" type="stmt"/>
        <line num="64" count="0" type="stmt"/>
        <line num="66" count="0" type="stmt"/>
        <line num="72" count="0" type="stmt"/>
        <line num="73" count="0" type="stmt"/>
        <line num="76" count="0" type="stmt"/>
        <line num="77" count="0" type="stmt"/>
        <line num="78" count="0" type="stmt"/>
        <line num="80" count="0" type="stmt"/>
        <line num="81" count="0" type="stmt"/>
        <line num="83" count="0" type="stmt"/>
        <line num="87" count="0" type="stmt"/>
        <line num="88" count="0" type="stmt"/>
        <line num="91" count="0" type="stmt"/>
        <line num="92" count="0" type="stmt"/>
        <line num="93" count="0" type="stmt"/>
        <line num="95" count="0" type="stmt"/>
        <line num="97" count="0" type="stmt"/>
        <line num="98" count="0" type="stmt"/>
        <line num="99" count="0" type="cond" truecount="0" falsecount="2"/>
        <line num="105" count="0" type="stmt"/>
        <line num="107" count="0" type="stmt"/>
        <line num="111" count="0" type="stmt"/>
        <line num="112" count="0" type="stmt"/>
        <line num="113" count="0" type="cond" truecount="0" falsecount="2"/>
        <line num="115" count="0" type="stmt"/>
        <line num="116" count="0" type="stmt"/>
        <line num="118" count="0" type="stmt"/>
        <line num="120" count="0" type="stmt"/>
        <line num="121" count="0" type="stmt"/>
        <line num="122" count="0" type="cond" truecount="0" falsecount="2"/>
        <line num="128" count="0" type="stmt"/>
        <line num="130" count="0" type="stmt"/>
        <line num="134" count="0" type="stmt"/>
        <line num="140" count="0" type="stmt"/>
        <line num="152" count="0" type="stmt"/>
      </file>
      <file name="index.js" path="/home/runner/work/Backend/Backend/frontend/src/index.js">
        <metrics statements="2" coveredstatements="0" conditionals="0" coveredconditionals="0" methods="0" coveredmethods="0"/>
        <line num="5" count="0" type="stmt"/>
        <line num="6" count="0" type="stmt"/>
      </file>
    </package>
    <package name="src.components">
      <metrics statements="58" coveredstatements="47" conditionals="61" coveredconditionals="42" methods="31" coveredmethods="20"/>
      <file name="POList.js" path="/home/runner/work/Backend/Backend/frontend/src/components/POList.js">
        <metrics statements="58" coveredstatements="47" conditionals="61" coveredconditionals="42" methods="31" coveredmethods="20"/>
        <line num="4" count="1" type="stmt"/>
        <line num="13" count="73" type="stmt"/>
        <line num="14" count="73" type="stmt"/>
        <line num="21" count="73" type="stmt"/>
        <line num="27" count="73" type="stmt"/>
        <line num="29" count="73" type="stmt"/>
        <line num="30" count="36" type="stmt"/>
        <line num="33" count="73" type="stmt"/>
        <line num="34" count="4" type="stmt"/>
        <line num="40" count="73" type="stmt"/>
        <line num="41" count="0" type="cond" truecount="0" falsecount="4"/>
        <line num="42" count="0" type="stmt"/>
        <line num="49" count="73" type="stmt"/>
        <line num="50" count="0" type="stmt"/>
        <line num="56" count="73" type="stmt"/>
        <line num="57" count="138" type="stmt"/>
        <line num="64" count="138" type="stmt"/>
        <line num="71" count="73" type="cond" truecount="0" falsecount="1"/>
        <line num="72" count="138" type="stmt"/>
        <line num="78" count="73" type="stmt"/>
        <line num="79" count="138" type="stmt"/>
        <line num="88" count="73" type="stmt"/>
        <line num="89" count="210" type="cond" truecount="4" falsecount="0"/>
        <line num="94" count="210" type="cond" truecount="2" falsecount="0"/>
        <line num="95" count="210" type="cond" truecount="1" falsecount="1"/>
        <line num="96" count="210" type="cond" truecount="1" falsecount="1"/>
        <line num="98" count="210" type="cond" truecount="4" falsecount="0"/>
        <line num="101" count="73" type="stmt"/>
        <line num="102" count="98" type="stmt"/>
        <line num="103" count="98" type="cond" truecount="1" falsecount="1"/>
        <line num="105" count="98" type="cond" truecount="2" falsecount="0"/>
        <line num="106" count="6" type="stmt"/>
        <line num="109" count="92" type="cond" truecount="2" falsecount="2"/>
        <line num="110" count="92" type="stmt"/>
        <line num="113" count="0" type="cond" truecount="0" falsecount="2"/>
        <line num="116" count="73" type="stmt"/>
        <line num="117" count="286" type="cond" truecount="2" falsecount="0"/>
        <line num="118" count="124" type="cond" truecount="1" falsecount="1"/>
        <line num="121" count="73" type="cond" truecount="2" falsecount="0"/>
        <line num="122" count="3" type="stmt"/>
        <line num="132" count="70" type="stmt"/>
        <line num="142" count="147" type="stmt"/>
        <line num="145" count="147" type="stmt"/>
        <line num="164" count="26" type="stmt"/>
        <line num="172" count="3" type="stmt"/>
        <line num="184" count="1" type="stmt"/>
        <line num="195" count="0" type="stmt"/>
        <line num="230" count="0" type="stmt"/>
        <line num="235" count="0" type="stmt"/>
        <line num="238" count="0" type="stmt"/>
        <line num="241" count="0" type="stmt"/>
        <line num="249" count="138" type="stmt"/>
        <line num="252" count="1" type="stmt"/>
        <line num="272" count="1" type="stmt"/>
        <line num="281" count="1" type="stmt"/>
        <line num="288" count="1" type="stmt"/>
        <line num="307" count="0" type="stmt"/>
        <line num="320" count="0" type="stmt"/>
      </file>
    </package>
  </project>
</coverage>
