{"/home/runner/work/Backend/Backend/frontend/src/App.js": {"path":"/home/runner/work/Backend/Backend/frontend/src/App.js","statementMap":{"0":{"start":{"line":7,"column":26},"end":{"line":10,"column":1}},"1":{"start":{"line":12,"column":25},"end":{"line":15,"column":1}},"2":{"start":{"line":17,"column":27},"end":{"line":44,"column":1}},"3":{"start":{"line":47,"column":40},"end":{"line":47,"column":56}},"4":{"start":{"line":48,"column":46},"end":{"line":48,"column":74}},"5":{"start":{"line":49,"column":32},"end":{"line":49,"column":47}},"6":{"start":{"line":50,"column":28},"end":{"line":50,"column":42}},"7":{"start":{"line":52,"column":26},"end":{"line":54,"column":3}},"8":{"start":{"line":53,"column":4},"end":{"line":53,"column":29}},"9":{"start":{"line":56,"column":23},"end":{"line":58,"column":3}},"10":{"start":{"line":57,"column":4},"end":{"line":57,"column":27}},"11":{"start":{"line":60,"column":23},"end":{"line":85,"column":3}},"12":{"start":{"line":61,"column":4},"end":{"line":61,"column":21}},"13":{"start":{"line":62,"column":4},"end":{"line":84,"column":5}},"14":{"start":{"line":64,"column":6},"end":{"line":64,"column":62}},"15":{"start":{"line":64,"column":35},"end":{"line":64,"column":60}},"16":{"start":{"line":66,"column":20},"end":{"line":74,"column":7}},"17":{"start":{"line":72,"column":55},"end":{"line":72,"column":88}},"18":{"start":{"line":73,"column":53},"end":{"line":73,"column":85}},"19":{"start":{"line":76,"column":6},"end":{"line":76,"column":50}},"20":{"start":{"line":76,"column":32},"end":{"line":76,"column":48}},"21":{"start":{"line":77,"column":6},"end":{"line":77,"column":29}},"22":{"start":{"line":78,"column":6},"end":{"line":78,"column":21}},"23":{"start":{"line":80,"column":6},"end":{"line":80,"column":50}},"24":{"start":{"line":81,"column":6},"end":{"line":81,"column":18}},"25":{"start":{"line":83,"column":6},"end":{"line":83,"column":24}},"26":{"start":{"line":87,"column":28},"end":{"line":89,"column":3}},"27":{"start":{"line":88,"column":4},"end":{"line":88,"column":49}},"28":{"start":{"line":91,"column":24},"end":{"line":109,"column":3}},"29":{"start":{"line":92,"column":4},"end":{"line":92,"column":21}},"30":{"start":{"line":93,"column":4},"end":{"line":108,"column":5}},"31":{"start":{"line":95,"column":6},"end":{"line":95,"column":61}},"32":{"start":{"line":95,"column":35},"end":{"line":95,"column":59}},"33":{"start":{"line":97,"column":6},"end":{"line":103,"column":8}},"34":{"start":{"line":98,"column":8},"end":{"line":102,"column":9}},"35":{"start":{"line":99,"column":10},"end":{"line":101,"column":15}},"36":{"start":{"line":105,"column":6},"end":{"line":105,"column":51}},"37":{"start":{"line":107,"column":6},"end":{"line":107,"column":24}},"38":{"start":{"line":111,"column":23},"end":{"line":132,"column":3}},"39":{"start":{"line":112,"column":19},"end":{"line":112,"column":67}},"40":{"start":{"line":113,"column":4},"end":{"line":113,"column":24}},"41":{"start":{"line":113,"column":17},"end":{"line":113,"column":24}},"42":{"start":{"line":115,"column":4},"end":{"line":115,"column":21}},"43":{"start":{"line":116,"column":4},"end":{"line":131,"column":5}},"44":{"start":{"line":118,"column":6},"end":{"line":118,"column":61}},"45":{"start":{"line":118,"column":35},"end":{"line":118,"column":59}},"46":{"start":{"line":120,"column":6},"end":{"line":126,"column":8}},"47":{"start":{"line":121,"column":8},"end":{"line":125,"column":9}},"48":{"start":{"line":122,"column":10},"end":{"line":124,"column":15}},"49":{"start":{"line":128,"column":6},"end":{"line":128,"column":50}},"50":{"start":{"line":130,"column":6},"end":{"line":130,"column":24}},"51":{"start":{"line":134,"column":2},"end":{"line":176,"column":4}},"52":{"start":{"line":140,"column":27},"end":{"line":140,"column":49}},"53":{"start":{"line":152,"column":35},"end":{"line":152,"column":49}}},"fnMap":{"0":{"name":"App","decl":{"start":{"line":46,"column":9},"end":{"line":46,"column":12}},"loc":{"start":{"line":46,"column":15},"end":{"line":177,"column":1}},"line":46},"1":{"name":"(anonymous_1)","decl":{"start":{"line":52,"column":26},"end":{"line":52,"column":27}},"loc":{"start":{"line":52,"column":32},"end":{"line":54,"column":3}},"line":52},"2":{"name":"(anonymous_2)","decl":{"start":{"line":56,"column":23},"end":{"line":56,"column":24}},"loc":{"start":{"line":56,"column":29},"end":{"line":58,"column":3}},"line":56},"3":{"name":"(anonymous_3)","decl":{"start":{"line":60,"column":23},"end":{"line":60,"column":24}},"loc":{"start":{"line":60,"column":43},"end":{"line":85,"column":3}},"line":60},"4":{"name":"(anonymous_4)","decl":{"start":{"line":64,"column":24},"end":{"line":64,"column":25}},"loc":{"start":{"line":64,"column":35},"end":{"line":64,"column":60}},"line":64},"5":{"name":"(anonymous_5)","decl":{"start":{"line":72,"column":50},"end":{"line":72,"column":51}},"loc":{"start":{"line":72,"column":55},"end":{"line":72,"column":88}},"line":72},"6":{"name":"(anonymous_6)","decl":{"start":{"line":73,"column":48},"end":{"line":73,"column":49}},"loc":{"start":{"line":73,"column":53},"end":{"line":73,"column":85}},"line":73},"7":{"name":"(anonymous_7)","decl":{"start":{"line":76,"column":24},"end":{"line":76,"column":25}},"loc":{"start":{"line":76,"column":32},"end":{"line":76,"column":48}},"line":76},"8":{"name":"(anonymous_8)","decl":{"start":{"line":87,"column":28},"end":{"line":87,"column":29}},"loc":{"start":{"line":87,"column":36},"end":{"line":89,"column":3}},"line":87},"9":{"name":"(anonymous_9)","decl":{"start":{"line":91,"column":24},"end":{"line":91,"column":25}},"loc":{"start":{"line":91,"column":38},"end":{"line":109,"column":3}},"line":91},"10":{"name":"(anonymous_10)","decl":{"start":{"line":95,"column":24},"end":{"line":95,"column":25}},"loc":{"start":{"line":95,"column":35},"end":{"line":95,"column":59}},"line":95},"11":{"name":"(anonymous_11)","decl":{"start":{"line":97,"column":24},"end":{"line":97,"column":25}},"loc":{"start":{"line":98,"column":8},"end":{"line":102,"column":9}},"line":98},"12":{"name":"(anonymous_12)","decl":{"start":{"line":98,"column":17},"end":{"line":98,"column":18}},"loc":{"start":{"line":99,"column":10},"end":{"line":101,"column":15}},"line":99},"13":{"name":"(anonymous_13)","decl":{"start":{"line":111,"column":23},"end":{"line":111,"column":24}},"loc":{"start":{"line":111,"column":37},"end":{"line":132,"column":3}},"line":111},"14":{"name":"(anonymous_14)","decl":{"start":{"line":118,"column":24},"end":{"line":118,"column":25}},"loc":{"start":{"line":118,"column":35},"end":{"line":118,"column":59}},"line":118},"15":{"name":"(anonymous_15)","decl":{"start":{"line":120,"column":24},"end":{"line":120,"column":25}},"loc":{"start":{"line":121,"column":8},"end":{"line":125,"column":9}},"line":121},"16":{"name":"(anonymous_16)","decl":{"start":{"line":121,"column":17},"end":{"line":121,"column":18}},"loc":{"start":{"line":122,"column":10},"end":{"line":124,"column":15}},"line":122},"17":{"name":"(anonymous_17)","decl":{"start":{"line":140,"column":21},"end":{"line":140,"column":22}},"loc":{"start":{"line":140,"column":27},"end":{"line":140,"column":49}},"line":140},"18":{"name":"(anonymous_18)","decl":{"start":{"line":152,"column":29},"end":{"line":152,"column":30}},"loc":{"start":{"line":152,"column":35},"end":{"line":152,"column":49}},"line":152}},"branchMap":{"0":{"loc":{"start":{"line":99,"column":10},"end":{"line":101,"column":15}},"type":"cond-expr","locations":[{"start":{"line":100,"column":14},"end":{"line":100,"column":80}},{"start":{"line":101,"column":14},"end":{"line":101,"column":15}}],"line":99},"1":{"loc":{"start":{"line":113,"column":4},"end":{"line":113,"column":24}},"type":"if","locations":[{"start":{"line":113,"column":4},"end":{"line":113,"column":24}},{"start":{},"end":{}}],"line":113},"2":{"loc":{"start":{"line":122,"column":10},"end":{"line":124,"column":15}},"type":"cond-expr","locations":[{"start":{"line":123,"column":14},"end":{"line":123,"column":80}},{"start":{"line":124,"column":14},"end":{"line":124,"column":15}}],"line":122},"3":{"loc":{"start":{"line":141,"column":34},"end":{"line":141,"column":72}},"type":"cond-expr","locations":[{"start":{"line":141,"column":59},"end":{"line":141,"column":67}},{"start":{"line":141,"column":70},"end":{"line":141,"column":72}}],"line":141},"4":{"loc":{"start":{"line":149,"column":9},"end":{"line":154,"column":9}},"type":"binary-expr","locations":[{"start":{"line":149,"column":9},"end":{"line":149,"column":14}},{"start":{"line":150,"column":10},"end":{"line":153,"column":16}}],"line":149},"5":{"loc":{"start":{"line":156,"column":9},"end":{"line":173,"column":9}},"type":"cond-expr","locations":[{"start":{"line":157,"column":10},"end":{"line":162,"column":12}},{"start":{"line":164,"column":10},"end":{"line":172,"column":12}}],"line":156}},"s":{"0":0,"1":0,"2":0,"3":0,"4":0,"5":0,"6":0,"7":0,"8":0,"9":0,"10":0,"11":0,"12":0,"13":0,"14":0,"15":0,"16":0,"17":0,"18":0,"19":0,"20":0,"21":0,"22":0,"23":0,"24":0,"25":0,"26":0,"27":0,"28":0,"29":0,"30":0,"31":0,"32":0,"33":0,"34":0,"35":0,"36":0,"37":0,"38":0,"39":0,"40":0,"41":0,"42":0,"43":0,"44":0,"45":0,"46":0,"47":0,"48":0,"49":0,"50":0,"51":0,"52":0,"53":0},"f":{"0":0,"1":0,"2":0,"3":0,"4":0,"5":0,"6":0,"7":0,"8":0,"9":0,"10":0,"11":0,"12":0,"13":0,"14":0,"15":0,"16":0,"17":0,"18":0},"b":{"0":[0,0],"1":[0,0],"2":[0,0],"3":[0,0],"4":[0,0],"5":[0,0]}}
,"/home/runner/work/Backend/Backend/frontend/src/index.js": {"path":"/home/runner/work/Backend/Backend/frontend/src/index.js","statementMap":{"0":{"start":{"line":5,"column":13},"end":{"line":5,"column":65}},"1":{"start":{"line":6,"column":0},"end":{"line":10,"column":2}}},"fnMap":{},"branchMap":{},"s":{"0":0,"1":0},"f":{},"b":{}}
,"/home/runner/work/Backend/Backend/frontend/src/components/POList.js": {"path":"/home/runner/work/Backend/Backend/frontend/src/components/POList.js","statementMap":{"0":{"start":{"line":4,"column":15},"end":{"line":332,"column":1}},"1":{"start":{"line":13,"column":46},"end":{"line":13,"column":66}},"2":{"start":{"line":14,"column":32},"end":{"line":20,"column":4}},"3":{"start":{"line":21,"column":38},"end":{"line":26,"column":4}},"4":{"start":{"line":27,"column":38},"end":{"line":27,"column":50}},"5":{"start":{"line":29,"column":2},"end":{"line":31,"column":19}},"6":{"start":{"line":30,"column":4},"end":{"line":30,"column":34}},"7":{"start":{"line":33,"column":29},"end":{"line":38,"column":3}},"8":{"start":{"line":34,"column":4},"end":{"line":37,"column":8}},"9":{"start":{"line":34,"column":24},"end":{"line":37,"column":5}},"10":{"start":{"line":40,"column":21},"end":{"line":47,"column":3}},"11":{"start":{"line":41,"column":25},"end":{"line":41,"column":98}},"12":{"start":{"line":42,"column":4},"end":{"line":46,"column":8}},"13":{"start":{"line":42,"column":24},"end":{"line":46,"column":5}},"14":{"start":{"line":49,"column":27},"end":{"line":54,"column":3}},"15":{"start":{"line":50,"column":4},"end":{"line":53,"column":8}},"16":{"start":{"line":50,"column":27},"end":{"line":53,"column":5}},"17":{"start":{"line":56,"column":25},"end":{"line":69,"column":3}},"18":{"start":{"line":57,"column":26},"end":{"line":62,"column":5}},"19":{"start":{"line":64,"column":4},"end":{"line":68,"column":6}},"20":{"start":{"line":71,"column":25},"end":{"line":76,"column":3}},"21":{"start":{"line":72,"column":4},"end":{"line":75,"column":22}},"22":{"start":{"line":78,"column":21},"end":{"line":86,"column":3}},"23":{"start":{"line":79,"column":4},"end":{"line":85,"column":7}},"24":{"start":{"line":88,"column":22},"end":{"line":99,"column":4}},"25":{"start":{"line":89,"column":26},"end":{"line":92,"column":75}},"26":{"start":{"line":94,"column":26},"end":{"line":94,"column":73}},"27":{"start":{"line":95,"column":32},"end":{"line":95,"column":106}},"28":{"start":{"line":96,"column":31},"end":{"line":96,"column":102}},"29":{"start":{"line":98,"column":4},"end":{"line":98,"column":87}},"30":{"start":{"line":101,"column":20},"end":{"line":114,"column":4}},"31":{"start":{"line":102,"column":18},"end":{"line":102,"column":32}},"32":{"start":{"line":103,"column":18},"end":{"line":103,"column":54}},"33":{"start":{"line":105,"column":4},"end":{"line":107,"column":5}},"34":{"start":{"line":106,"column":6},"end":{"line":106,"column":67}},"35":{"start":{"line":109,"column":4},"end":{"line":111,"column":5}},"36":{"start":{"line":110,"column":6},"end":{"line":110,"column":63}},"37":{"start":{"line":113,"column":4},"end":{"line":113,"column":83}},"38":{"start":{"line":116,"column":22},"end":{"line":119,"column":3}},"39":{"start":{"line":117,"column":4},"end":{"line":117,"column":46}},"40":{"start":{"line":117,"column":34},"end":{"line":117,"column":46}},"41":{"start":{"line":118,"column":4},"end":{"line":118,"column":51}},"42":{"start":{"line":121,"column":2},"end":{"line":130,"column":3}},"43":{"start":{"line":122,"column":4},"end":{"line":129,"column":6}},"44":{"start":{"line":132,"column":2},"end":{"line":331,"column":4}},"45":{"start":{"line":142,"column":49},"end":{"line":142,"column":72}},"46":{"start":{"line":145,"column":50},"end":{"line":145,"column":74}},"47":{"start":{"line":164,"column":29},"end":{"line":164,"column":58}},"48":{"start":{"line":172,"column":29},"end":{"line":172,"column":73}},"49":{"start":{"line":184,"column":29},"end":{"line":184,"column":73}},"50":{"start":{"line":195,"column":27},"end":{"line":195,"column":53}},"51":{"start":{"line":230,"column":37},"end":{"line":230,"column":60}},"52":{"start":{"line":235,"column":37},"end":{"line":235,"column":63}},"53":{"start":{"line":238,"column":37},"end":{"line":238,"column":57}},"54":{"start":{"line":241,"column":37},"end":{"line":241,"column":61}},"55":{"start":{"line":249,"column":18},"end":{"line":298,"column":23}},"56":{"start":{"line":252,"column":39},"end":{"line":252,"column":56}},"57":{"start":{"line":272,"column":41},"end":{"line":272,"column":58}},"58":{"start":{"line":281,"column":45},"end":{"line":281,"column":58}},"59":{"start":{"line":288,"column":45},"end":{"line":288,"column":57}},"60":{"start":{"line":307,"column":31},"end":{"line":307,"column":75}},"61":{"start":{"line":320,"column":31},"end":{"line":320,"column":75}}},"fnMap":{"0":{"name":"(anonymous_0)","decl":{"start":{"line":4,"column":15},"end":{"line":4,"column":16}},"loc":{"start":{"line":12,"column":6},"end":{"line":332,"column":1}},"line":12},"1":{"name":"(anonymous_1)","decl":{"start":{"line":29,"column":12},"end":{"line":29,"column":13}},"loc":{"start":{"line":29,"column":18},"end":{"line":31,"column":3}},"line":29},"2":{"name":"(anonymous_2)","decl":{"start":{"line":33,"column":29},"end":{"line":33,"column":30}},"loc":{"start":{"line":33,"column":52},"end":{"line":38,"column":3}},"line":33},"3":{"name":"(anonymous_3)","decl":{"start":{"line":34,"column":15},"end":{"line":34,"column":16}},"loc":{"start":{"line":34,"column":24},"end":{"line":37,"column":5}},"line":34},"4":{"name":"(anonymous_4)","decl":{"start":{"line":40,"column":21},"end":{"line":40,"column":22}},"loc":{"start":{"line":40,"column":32},"end":{"line":47,"column":3}},"line":40},"5":{"name":"(anonymous_5)","decl":{"start":{"line":42,"column":15},"end":{"line":42,"column":16}},"loc":{"start":{"line":42,"column":24},"end":{"line":46,"column":5}},"line":42},"6":{"name":"(anonymous_6)","decl":{"start":{"line":49,"column":27},"end":{"line":49,"column":28}},"loc":{"start":{"line":49,"column":37},"end":{"line":54,"column":3}},"line":49},"7":{"name":"(anonymous_7)","decl":{"start":{"line":50,"column":18},"end":{"line":50,"column":19}},"loc":{"start":{"line":50,"column":27},"end":{"line":53,"column":5}},"line":50},"8":{"name":"(anonymous_8)","decl":{"start":{"line":56,"column":25},"end":{"line":56,"column":26}},"loc":{"start":{"line":56,"column":37},"end":{"line":69,"column":3}},"line":56},"9":{"name":"(anonymous_9)","decl":{"start":{"line":71,"column":25},"end":{"line":71,"column":26}},"loc":{"start":{"line":71,"column":55},"end":{"line":76,"column":3}},"line":71},"10":{"name":"(anonymous_10)","decl":{"start":{"line":78,"column":21},"end":{"line":78,"column":22}},"loc":{"start":{"line":78,"column":37},"end":{"line":86,"column":3}},"line":78},"11":{"name":"(anonymous_11)","decl":{"start":{"line":88,"column":44},"end":{"line":88,"column":45}},"loc":{"start":{"line":88,"column":50},"end":{"line":99,"column":3}},"line":88},"12":{"name":"(anonymous_12)","decl":{"start":{"line":101,"column":42},"end":{"line":101,"column":43}},"loc":{"start":{"line":101,"column":52},"end":{"line":114,"column":3}},"line":101},"13":{"name":"(anonymous_13)","decl":{"start":{"line":116,"column":22},"end":{"line":116,"column":23}},"loc":{"start":{"line":116,"column":33},"end":{"line":119,"column":3}},"line":116},"14":{"name":"(anonymous_14)","decl":{"start":{"line":142,"column":43},"end":{"line":142,"column":44}},"loc":{"start":{"line":142,"column":49},"end":{"line":142,"column":72}},"line":142},"15":{"name":"(anonymous_15)","decl":{"start":{"line":145,"column":44},"end":{"line":145,"column":45}},"loc":{"start":{"line":145,"column":50},"end":{"line":145,"column":74}},"line":145},"16":{"name":"(anonymous_16)","decl":{"start":{"line":164,"column":22},"end":{"line":164,"column":23}},"loc":{"start":{"line":164,"column":29},"end":{"line":164,"column":58}},"line":164},"17":{"name":"(anonymous_17)","decl":{"start":{"line":172,"column":22},"end":{"line":172,"column":23}},"loc":{"start":{"line":172,"column":29},"end":{"line":172,"column":73}},"line":172},"18":{"name":"(anonymous_18)","decl":{"start":{"line":184,"column":22},"end":{"line":184,"column":23}},"loc":{"start":{"line":184,"column":29},"end":{"line":184,"column":73}},"line":184},"19":{"name":"(anonymous_19)","decl":{"start":{"line":195,"column":21},"end":{"line":195,"column":22}},"loc":{"start":{"line":195,"column":27},"end":{"line":195,"column":53}},"line":195},"20":{"name":"(anonymous_20)","decl":{"start":{"line":230,"column":31},"end":{"line":230,"column":32}},"loc":{"start":{"line":230,"column":37},"end":{"line":230,"column":60}},"line":230},"21":{"name":"(anonymous_21)","decl":{"start":{"line":235,"column":31},"end":{"line":235,"column":32}},"loc":{"start":{"line":235,"column":37},"end":{"line":235,"column":63}},"line":235},"22":{"name":"(anonymous_22)","decl":{"start":{"line":238,"column":31},"end":{"line":238,"column":32}},"loc":{"start":{"line":238,"column":37},"end":{"line":238,"column":57}},"line":238},"23":{"name":"(anonymous_23)","decl":{"start":{"line":241,"column":31},"end":{"line":241,"column":32}},"loc":{"start":{"line":241,"column":37},"end":{"line":241,"column":61}},"line":241},"24":{"name":"(anonymous_24)","decl":{"start":{"line":248,"column":31},"end":{"line":248,"column":32}},"loc":{"start":{"line":249,"column":18},"end":{"line":298,"column":23}},"line":249},"25":{"name":"(anonymous_25)","decl":{"start":{"line":252,"column":33},"end":{"line":252,"column":34}},"loc":{"start":{"line":252,"column":39},"end":{"line":252,"column":56}},"line":252},"26":{"name":"(anonymous_26)","decl":{"start":{"line":272,"column":35},"end":{"line":272,"column":36}},"loc":{"start":{"line":272,"column":41},"end":{"line":272,"column":58}},"line":272},"27":{"name":"(anonymous_27)","decl":{"start":{"line":281,"column":39},"end":{"line":281,"column":40}},"loc":{"start":{"line":281,"column":45},"end":{"line":281,"column":58}},"line":281},"28":{"name":"(anonymous_28)","decl":{"start":{"line":288,"column":39},"end":{"line":288,"column":40}},"loc":{"start":{"line":288,"column":45},"end":{"line":288,"column":57}},"line":288},"29":{"name":"(anonymous_29)","decl":{"start":{"line":307,"column":25},"end":{"line":307,"column":26}},"loc":{"start":{"line":307,"column":31},"end":{"line":307,"column":75}},"line":307},"30":{"name":"(anonymous_30)","decl":{"start":{"line":320,"column":25},"end":{"line":320,"column":26}},"loc":{"start":{"line":320,"column":31},"end":{"line":320,"column":75}},"line":320}},"branchMap":{"0":{"loc":{"start":{"line":9,"column":2},"end":{"line":9,"column":17}},"type":"default-arg","locations":[{"start":{"line":9,"column":15},"end":{"line":9,"column":17}}],"line":9},"1":{"loc":{"start":{"line":10,"column":2},"end":{"line":10,"column":17}},"type":"default-arg","locations":[{"start":{"line":10,"column":12},"end":{"line":10,"column":17}}],"line":10},"2":{"loc":{"start":{"line":11,"column":2},"end":{"line":11,"column":14}},"type":"default-arg","locations":[{"start":{"line":11,"column":10},"end":{"line":11,"column":14}}],"line":11},"3":{"loc":{"start":{"line":41,"column":25},"end":{"line":41,"column":98}},"type":"cond-expr","locations":[{"start":{"line":41,"column":84},"end":{"line":41,"column":89}},{"start":{"line":41,"column":92},"end":{"line":41,"column":98}}],"line":41},"4":{"loc":{"start":{"line":41,"column":25},"end":{"line":41,"column":81}},"type":"binary-expr","locations":[{"start":{"line":41,"column":25},"end":{"line":41,"column":49}},{"start":{"line":41,"column":53},"end":{"line":41,"column":81}}],"line":41},"5":{"loc":{"start":{"line":65,"column":23},"end":{"line":65,"column":62}},"type":"binary-expr","locations":[{"start":{"line":65,"column":23},"end":{"line":65,"column":44}},{"start":{"line":65,"column":48},"end":{"line":65,"column":62}}],"line":65},"6":{"loc":{"start":{"line":71,"column":34},"end":{"line":71,"column":50}},"type":"default-arg","locations":[{"start":{"line":71,"column":45},"end":{"line":71,"column":50}}],"line":71},"7":{"loc":{"start":{"line":89,"column":26},"end":{"line":92,"column":75}},"type":"binary-expr","locations":[{"start":{"line":89,"column":26},"end":{"line":89,"column":37}},{"start":{"line":90,"column":6},"end":{"line":90,"column":68}},{"start":{"line":91,"column":6},"end":{"line":91,"column":76}},{"start":{"line":92,"column":6},"end":{"line":92,"column":75}}],"line":89},"8":{"loc":{"start":{"line":94,"column":26},"end":{"line":94,"column":73}},"type":"binary-expr","locations":[{"start":{"line":94,"column":26},"end":{"line":94,"column":41}},{"start":{"line":94,"column":45},"end":{"line":94,"column":73}}],"line":94},"9":{"loc":{"start":{"line":95,"column":32},"end":{"line":95,"column":106}},"type":"binary-expr","locations":[{"start":{"line":95,"column":32},"end":{"line":95,"column":56}},{"start":{"line":95,"column":60},"end":{"line":95,"column":106}}],"line":95},"10":{"loc":{"start":{"line":96,"column":31},"end":{"line":96,"column":102}},"type":"binary-expr","locations":[{"start":{"line":96,"column":31},"end":{"line":96,"column":54}},{"start":{"line":96,"column":58},"end":{"line":96,"column":102}}],"line":96},"11":{"loc":{"start":{"line":98,"column":11},"end":{"line":98,"column":86}},"type":"binary-expr","locations":[{"start":{"line":98,"column":11},"end":{"line":98,"column":24}},{"start":{"line":98,"column":28},"end":{"line":98,"column":41}},{"start":{"line":98,"column":45},"end":{"line":98,"column":64}},{"start":{"line":98,"column":68},"end":{"line":98,"column":86}}],"line":98},"12":{"loc":{"start":{"line":103,"column":18},"end":{"line":103,"column":54}},"type":"cond-expr","locations":[{"start":{"line":103,"column":48},"end":{"line":103,"column":49}},{"start":{"line":103,"column":52},"end":{"line":103,"column":54}}],"line":103},"13":{"loc":{"start":{"line":105,"column":4},"end":{"line":107,"column":5}},"type":"if","locations":[{"start":{"line":105,"column":4},"end":{"line":107,"column":5}},{"start":{},"end":{}}],"line":105},"14":{"loc":{"start":{"line":109,"column":4},"end":{"line":111,"column":5}},"type":"if","locations":[{"start":{"line":109,"column":4},"end":{"line":111,"column":5}},{"start":{},"end":{}}],"line":109},"15":{"loc":{"start":{"line":109,"column":8},"end":{"line":109,"column":56}},"type":"binary-expr","locations":[{"start":{"line":109,"column":8},"end":{"line":109,"column":30}},{"start":{"line":109,"column":34},"end":{"line":109,"column":56}}],"line":109},"16":{"loc":{"start":{"line":113,"column":12},"end":{"line":113,"column":73}},"type":"binary-expr","locations":[{"start":{"line":113,"column":12},"end":{"line":113,"column":68}},{"start":{"line":113,"column":72},"end":{"line":113,"column":73}}],"line":113},"17":{"loc":{"start":{"line":117,"column":4},"end":{"line":117,"column":46}},"type":"if","locations":[{"start":{"line":117,"column":4},"end":{"line":117,"column":46}},{"start":{},"end":{}}],"line":117},"18":{"loc":{"start":{"line":118,"column":11},"end":{"line":118,"column":50}},"type":"cond-expr","locations":[{"start":{"line":118,"column":41},"end":{"line":118,"column":44}},{"start":{"line":118,"column":47},"end":{"line":118,"column":50}}],"line":118},"19":{"loc":{"start":{"line":121,"column":2},"end":{"line":130,"column":3}},"type":"if","locations":[{"start":{"line":121,"column":2},"end":{"line":130,"column":3}},{"start":{},"end":{}}],"line":121},"20":{"loc":{"start":{"line":197,"column":27},"end":{"line":197,"column":83}},"type":"cond-expr","locations":[{"start":{"line":197,"column":57},"end":{"line":197,"column":69}},{"start":{"line":197,"column":72},"end":{"line":197,"column":83}}],"line":197},"21":{"loc":{"start":{"line":204,"column":7},"end":{"line":329,"column":7}},"type":"cond-expr","locations":[{"start":{"line":205,"column":8},"end":{"line":208,"column":14}},{"start":{"line":209,"column":10},"end":{"line":329,"column":7}}],"line":204},"22":{"loc":{"start":{"line":209,"column":10},"end":{"line":329,"column":7}},"type":"cond-expr","locations":[{"start":{"line":210,"column":8},"end":{"line":223,"column":14}},{"start":{"line":225,"column":8},"end":{"line":328,"column":11}}],"line":209},"23":{"loc":{"start":{"line":213,"column":13},"end":{"line":215,"column":66}},"type":"cond-expr","locations":[{"start":{"line":214,"column":14},"end":{"line":214,"column":62}},{"start":{"line":215,"column":14},"end":{"line":215,"column":66}}],"line":213},"24":{"loc":{"start":{"line":213,"column":13},"end":{"line":213,"column":41}},"type":"binary-expr","locations":[{"start":{"line":213,"column":13},"end":{"line":213,"column":23}},{"start":{"line":213,"column":27},"end":{"line":213,"column":41}}],"line":213},"25":{"loc":{"start":{"line":218,"column":11},"end":{"line":222,"column":11}},"type":"binary-expr","locations":[{"start":{"line":218,"column":11},"end":{"line":218,"column":22}},{"start":{"line":218,"column":26},"end":{"line":218,"column":41}},{"start":{"line":219,"column":12},"end":{"line":221,"column":21}}],"line":218},"26":{"loc":{"start":{"line":258,"column":25},"end":{"line":258,"column":67}},"type":"binary-expr","locations":[{"start":{"line":258,"column":25},"end":{"line":258,"column":45}},{"start":{"line":258,"column":49},"end":{"line":258,"column":67}}],"line":258},"27":{"loc":{"start":{"line":259,"column":25},"end":{"line":259,"column":65}},"type":"binary-expr","locations":[{"start":{"line":259,"column":25},"end":{"line":259,"column":44}},{"start":{"line":259,"column":48},"end":{"line":259,"column":65}}],"line":259},"28":{"loc":{"start":{"line":278,"column":25},"end":{"line":295,"column":25}},"type":"binary-expr","locations":[{"start":{"line":278,"column":25},"end":{"line":278,"column":48}},{"start":{"line":279,"column":26},"end":{"line":294,"column":29}}],"line":278},"29":{"loc":{"start":{"line":304,"column":11},"end":{"line":327,"column":11}},"type":"binary-expr","locations":[{"start":{"line":304,"column":11},"end":{"line":304,"column":36}},{"start":{"line":305,"column":12},"end":{"line":326,"column":18}}],"line":304}},"s":{"0":1,"1":73,"2":73,"3":73,"4":73,"5":73,"6":36,"7":73,"8":4,"9":4,"10":73,"11":0,"12":0,"13":0,"14":73,"15":0,"16":0,"17":73,"18":138,"19":138,"20":73,"21":138,"22":73,"23":138,"24":73,"25":210,"26":210,"27":210,"28":210,"29":210,"30":73,"31":98,"32":98,"33":98,"34":6,"35":92,"36":92,"37":0,"38":73,"39":286,"40":162,"41":124,"42":73,"43":3,"44":70,"45":147,"46":147,"47":26,"48":3,"49":1,"50":0,"51":0,"52":0,"53":0,"54":0,"55":138,"56":1,"57":1,"58":1,"59":1,"60":0,"61":0},"f":{"0":73,"1":36,"2":4,"3":4,"4":0,"5":0,"6":0,"7":0,"8":138,"9":138,"10":138,"11":210,"12":98,"13":286,"14":147,"15":147,"16":26,"17":3,"18":1,"19":0,"20":0,"21":0,"22":0,"23":0,"24":138,"25":1,"26":1,"27":1,"28":1,"29":0,"30":0},"b":{"0":[0],"1":[70],"2":[70],"3":[0,0],"4":[0,0],"5":[138,0],"6":[0],"7":[210,87,53,42],"8":[210,18],"9":[210,0],"10":[210,0],"11":[210,168,156,156],"12":[0,98],"13":[6,92],"14":[92,0],"15":[92,0],"16":[0,0],"17":[162,124],"18":[0,124],"19":[3,70],"20":[0,70],"21":[3,67],"22":[13,54],"23":[10,3],"24":[13,3],"25":[13,3,3],"26":[138,0],"27":[138,0],"28":[138,47],"29":[54,0]},"_coverageSchema":"1a1c01bbd47fc00a2c39e90264f33305004495a9","hash":"63b559b38322018a3db763bec0575f002823c20f"}
}
