TN:
SF:src/App.js
FN:46,App
FN:52,(anonymous_1)
FN:56,(anonymous_2)
FN:60,(anonymous_3)
FN:64,(anonymous_4)
FN:72,(anonymous_5)
FN:73,(anonymous_6)
FN:76,(anonymous_7)
FN:87,(anonymous_8)
FN:91,(anonymous_9)
FN:95,(anonymous_10)
FN:97,(anonymous_11)
FN:98,(anonymous_12)
FN:111,(anonymous_13)
FN:118,(anonymous_14)
FN:120,(anonymous_15)
FN:121,(anonymous_16)
FN:140,(anonymous_17)
FN:152,(anonymous_18)
FNF:19
FNH:0
FNDA:0,App
FNDA:0,(anonymous_1)
FNDA:0,(anonymous_2)
FNDA:0,(anonymous_3)
FNDA:0,(anonymous_4)
FNDA:0,(anonymous_5)
FNDA:0,(anonymous_6)
FNDA:0,(anonymous_7)
FNDA:0,(anonymous_8)
FNDA:0,(anonymous_9)
FNDA:0,(anonymous_10)
FNDA:0,(anonymous_11)
FNDA:0,(anonymous_12)
FNDA:0,(anonymous_13)
FNDA:0,(anonymous_14)
FNDA:0,(anonymous_15)
FNDA:0,(anonymous_16)
FNDA:0,(anonymous_17)
FNDA:0,(anonymous_18)
DA:7,0
DA:12,0
DA:17,0
DA:47,0
DA:48,0
DA:49,0
DA:50,0
DA:52,0
DA:53,0
DA:56,0
DA:57,0
DA:60,0
DA:61,0
DA:62,0
DA:64,0
DA:66,0
DA:72,0
DA:73,0
DA:76,0
DA:77,0
DA:78,0
DA:80,0
DA:81,0
DA:83,0
DA:87,0
DA:88,0
DA:91,0
DA:92,0
DA:93,0
DA:95,0
DA:97,0
DA:98,0
DA:99,0
DA:105,0
DA:107,0
DA:111,0
DA:112,0
DA:113,0
DA:115,0
DA:116,0
DA:118,0
DA:120,0
DA:121,0
DA:122,0
DA:128,0
DA:130,0
DA:134,0
DA:140,0
DA:152,0
LF:49
LH:0
BRDA:99,0,0,0
BRDA:99,0,1,0
BRDA:113,1,0,0
BRDA:113,1,1,0
BRDA:122,2,0,0
BRDA:122,2,1,0
BRDA:141,3,0,0
BRDA:141,3,1,0
BRDA:149,4,0,0
BRDA:149,4,1,0
BRDA:156,5,0,0
BRDA:156,5,1,0
BRF:12
BRH:0
end_of_record
TN:
SF:src/index.js
FNF:0
FNH:0
DA:5,0
DA:6,0
LF:2
LH:0
BRF:0
BRH:0
end_of_record
TN:
SF:src/components/POList.js
FN:4,(anonymous_0)
FN:29,(anonymous_1)
FN:33,(anonymous_2)
FN:34,(anonymous_3)
FN:40,(anonymous_4)
FN:42,(anonymous_5)
FN:49,(anonymous_6)
FN:50,(anonymous_7)
FN:56,(anonymous_8)
FN:71,(anonymous_9)
FN:78,(anonymous_10)
FN:88,(anonymous_11)
FN:101,(anonymous_12)
FN:116,(anonymous_13)
FN:142,(anonymous_14)
FN:145,(anonymous_15)
FN:164,(anonymous_16)
FN:172,(anonymous_17)
FN:184,(anonymous_18)
FN:195,(anonymous_19)
FN:230,(anonymous_20)
FN:235,(anonymous_21)
FN:238,(anonymous_22)
FN:241,(anonymous_23)
FN:248,(anonymous_24)
FN:252,(anonymous_25)
FN:272,(anonymous_26)
FN:281,(anonymous_27)
FN:288,(anonymous_28)
FN:307,(anonymous_29)
FN:320,(anonymous_30)
FNF:31
FNH:20
FNDA:73,(anonymous_0)
FNDA:36,(anonymous_1)
FNDA:4,(anonymous_2)
FNDA:4,(anonymous_3)
FNDA:0,(anonymous_4)
FNDA:0,(anonymous_5)
FNDA:0,(anonymous_6)
FNDA:0,(anonymous_7)
FNDA:138,(anonymous_8)
FNDA:138,(anonymous_9)
FNDA:138,(anonymous_10)
FNDA:210,(anonymous_11)
FNDA:98,(anonymous_12)
FNDA:286,(anonymous_13)
FNDA:147,(anonymous_14)
FNDA:147,(anonymous_15)
FNDA:26,(anonymous_16)
FNDA:3,(anonymous_17)
FNDA:1,(anonymous_18)
FNDA:0,(anonymous_19)
FNDA:0,(anonymous_20)
FNDA:0,(anonymous_21)
FNDA:0,(anonymous_22)
FNDA:0,(anonymous_23)
FNDA:138,(anonymous_24)
FNDA:1,(anonymous_25)
FNDA:1,(anonymous_26)
FNDA:1,(anonymous_27)
FNDA:1,(anonymous_28)
FNDA:0,(anonymous_29)
FNDA:0,(anonymous_30)
DA:4,1
DA:13,73
DA:14,73
DA:21,73
DA:27,73
DA:29,73
DA:30,36
DA:33,73
DA:34,4
DA:40,73
DA:41,0
DA:42,0
DA:49,73
DA:50,0
DA:56,73
DA:57,138
DA:64,138
DA:71,73
DA:72,138
DA:78,73
DA:79,138
DA:88,73
DA:89,210
DA:94,210
DA:95,210
DA:96,210
DA:98,210
DA:101,73
DA:102,98
DA:103,98
DA:105,98
DA:106,6
DA:109,92
DA:110,92
DA:113,0
DA:116,73
DA:117,286
DA:118,124
DA:121,73
DA:122,3
DA:132,70
DA:142,147
DA:145,147
DA:164,26
DA:172,3
DA:184,1
DA:195,0
DA:230,0
DA:235,0
DA:238,0
DA:241,0
DA:249,138
DA:252,1
DA:272,1
DA:281,1
DA:288,1
DA:307,0
DA:320,0
LF:58
LH:47
BRDA:9,0,0,0
BRDA:10,1,0,70
BRDA:11,2,0,70
BRDA:41,3,0,0
BRDA:41,3,1,0
BRDA:41,4,0,0
BRDA:41,4,1,0
BRDA:65,5,0,138
BRDA:65,5,1,0
BRDA:71,6,0,0
BRDA:89,7,0,210
BRDA:89,7,1,87
BRDA:89,7,2,53
BRDA:89,7,3,42
BRDA:94,8,0,210
BRDA:94,8,1,18
BRDA:95,9,0,210
BRDA:95,9,1,0
BRDA:96,10,0,210
BRDA:96,10,1,0
BRDA:98,11,0,210
BRDA:98,11,1,168
BRDA:98,11,2,156
BRDA:98,11,3,156
BRDA:103,12,0,0
BRDA:103,12,1,98
BRDA:105,13,0,6
BRDA:105,13,1,92
BRDA:109,14,0,92
BRDA:109,14,1,0
BRDA:109,15,0,92
BRDA:109,15,1,0
BRDA:113,16,0,0
BRDA:113,16,1,0
BRDA:117,17,0,162
BRDA:117,17,1,124
BRDA:118,18,0,0
BRDA:118,18,1,124
BRDA:121,19,0,3
BRDA:121,19,1,70
BRDA:197,20,0,0
BRDA:197,20,1,70
BRDA:204,21,0,3
BRDA:204,21,1,67
BRDA:209,22,0,13
BRDA:209,22,1,54
BRDA:213,23,0,10
BRDA:213,23,1,3
BRDA:213,24,0,13
BRDA:213,24,1,3
BRDA:218,25,0,13
BRDA:218,25,1,3
BRDA:218,25,2,3
BRDA:258,26,0,138
BRDA:258,26,1,0
BRDA:259,27,0,138
BRDA:259,27,1,0
BRDA:278,28,0,138
BRDA:278,28,1,47
BRDA:304,29,0,54
BRDA:304,29,1,0
BRF:61
BRH:42
end_of_record
